Info) VMD for LINUXAMD64, version 1.9.3 (December 1, 2016)
Info) http://www.ks.uiuc.edu/Research/vmd/                         
Info) Email questions and bug reports to vmd@ks.uiuc.edu           
Info) Please include this reference in published work using VMD:   
Info)    Humphrey, W., Dalke, A. and Schulten, K., `VMD - Visual   
Info)    Molecular Dynamics', J. Molec. Graphics 1996, 14.1, 33-38.
Info) -------------------------------------------------------------
Info) Multithreading available, 8 CPUs detected.
Info) Free system memory: 8GB (49%)
Info) Dynamically loaded 2 plugins in directory:
Info) /usr/local/lib/vmd/plugins/LINUXAMD64/molfile
Info) Using plugin psf for structure file ions.psf
psfplugin) WARNING: no bonds defined in PSF file.
psfplugin) WARNING: no angles defined in PSF file.
psfplugin) WARNING: no dihedrals defined in PSF file.
psfplugin) WARNING: no impropers defined in PSF file.
psfplugin) no cross-terms defined in PSF file.
Info) Analyzing structure ...
Info)    Atoms: 2
Info)    Bonds: 0
Info)    Angles: 0  Dihedrals: 0  Impropers: 0  Cross-terms: 0
Info)    Bondtypes: 0  Angletypes: 0  Dihedraltypes: 0  Impropertypes: 0
Info)    Residues: 2
Info)    Waters: 0
Info)    Segments: 2
Info)    Fragments: 2   Protein: 0   Nucleic: 0
0
Info) Using plugin pdb for coordinates from file ions.pdb
Info) Finished with coordinate file ions.pdb.
0
atomselect0
Info) Opened coordinate file spt.pdb for writing.
Info) Finished with coordinate file spt.pdb.
Info) VMD for LINUXAMD64, version 1.9.3 (December 1, 2016)
Info) Exiting normally.
vmd > 