Info) VMD for LINUXAMD64, version 1.9.3 (December 1, 2016)
Info) http://www.ks.uiuc.edu/Research/vmd/                         
Info) Email questions and bug reports to vmd@ks.uiuc.edu           
Info) Please include this reference in published work using VMD:   
Info)    Humphrey, W., Dalke, A. and Schulten, K., `VMD - Visual   
Info)    Molecular Dynamics', J. Molec. Graphics 1996, 14.1, 33-38.
Info) -------------------------------------------------------------
Info) Multithreading available, 8 CPUs detected.
Info) Free system memory: 7571MB (46%)
Info) Dynamically loaded 2 plugins in directory:
Info) /usr/local/lib/vmd/plugins/LINUXAMD64/molfile
Info) Using plugin psf for structure file asn.psf
psfplugin) no cross-terms defined in PSF file.
Info) Analyzing structure ...
Info)    Atoms: 23
Info)    Bonds: 22
Info)    Angles: 36  Dihedrals: 45  Impropers: 10  Cross-terms: 0
Info)    Bondtypes: 0  Angletypes: 0  Dihedraltypes: 0  Impropertypes: 0
Info)    Residues: 1
Info)    Waters: 0
Info)    Segments: 1
Info)    Fragments: 1   Protein: 1   Nucleic: 0
0
Info) Using plugin pdb for coordinates from file asn.pdb
Info) Finished with coordinate file asn.pdb.
0
atomselect0
Info) Opened coordinate file spt.pdb for writing.
Info) Finished with coordinate file spt.pdb.
Info) VMD for LINUXAMD64, version 1.9.3 (December 1, 2016)
Info) Exiting normally.
vmd > 